<?xml version="1.0" encoding="UTF-8"?>
<testsuite xmlns:xsi="http://www.w3.org/2001/XMLSchema-instance" xsi:noNamespaceSchemaLocation="https://maven.apache.org/surefire/maven-surefire-plugin/xsd/surefire-test-report-3.0.xsd" version="3.0" name="org.redlich.metrics.MainTest" time="3.345" tests="2" errors="0" skipped="0" failures="0">
  <properties>
[...]
</properties>
  <testcase name="testGreet" classname="org.redlich.metrics.MainTest" time="0.422">
    <system-out><![CDATA[2024.08.17 05:55:16 INFO io.helidon.logging.jul.JulProvider Thread[#1,main,5,main]: Logging at runtime configured using /usr/local/publications/helidon-book/metrics/target/classes/logging.properties
2024.08.17 05:55:16 INFO io.helidon.microprofile.server.ServerCdiExtension Thread[#1,main,5,main]: Registering JAX-RS Application: HelidonMP
2024.08.17 05:55:17 WARNING org.glassfish.jersey.message.internal.MessagingBinders Thread[#1,main,5,main]: A class jakarta.activation.DataSource for a default provider MessageBodyWriter<jakarta.activation.DataSource> was not found. The provider is not available.
2024.08.17 05:55:17 WARNING org.glassfish.jersey.server.wadl.WadlFeature Thread[#1,main,5,main]: JAX-B API not found . WADL feature is disabled.
2024.08.17 05:55:17 INFO io.helidon.webserver.ServerListener VirtualThread[#49,start @default (/0.0.0.0:0)]/runnable@ForkJoinPool-1-worker-1: [0x0cebd0b7] http://0.0.0.0:49830 bound for socket '@default'
2024.08.17 05:55:17 INFO io.helidon.webserver.LoomServer Thread[#1,main,5,main]: Started all channels in 37 milliseconds. 3589 milliseconds since JVM startup. Java 21+35-2513
2024.08.17 05:55:17 INFO io.helidon.microprofile.server.ServerCdiExtension Thread[#1,main,5,main]: Server started on http://localhost:49830 (and all other host addresses) in 3595 milliseconds (since JVM startup).
2024.08.17 05:55:17 INFO io.helidon.common.features.HelidonFeatures Thread[#53,features-thread,5,main]: Helidon MP 4.1.0 features: [CDI, Config, Metrics, Server]
]]></system-out>
  </testcase>
  <testcase name="testMicroprofileMetrics" classname="org.redlich.metrics.MainTest" time="0.031"/>
</testsuite>